[16:00:42] [ServerMain/INFO]: [bootstrap] Running Java 21 (OpenJDK 64-Bit Server VM 21.0.7+6-LTS; Amazon.com Inc. Corretto-21.0.7.6.1) on Mac OS X 15.5 (aarch64)
[16:00:42] [ServerMain/INFO]: [bootstrap] Loading Paper 1.21.8-4-main@aa4ef06 (2025-07-17T23:33:28Z) for Minecraft 1.21.8
[16:00:42] [ServerMain/INFO]: [PluginInitializerManager] Initializing plugins...
[16:00:42] [Paper Plugin Remapper Thread - 2/INFO]: [PluginRemapper] Remapping plugin '/Users/lucasmadranges/Developer/Minecraft/1.21.1/Plugins/DevMinecraft - MultiModule/run/build/server/plugins/randomTeleport-all.jar'...
[16:00:42] [Paper Plugin Remapper Thread - 3/INFO]: [PluginRemapper] Remapping plugin '/Users/lucasmadranges/Developer/Minecraft/1.21.1/Plugins/DevMinecraft - MultiModule/run/build/server/plugins/catrain-all.jar'...
[16:00:42] [Paper Plugin Remapper Thread - 1/INFO]: [PluginRemapper] Remapping plugin '/Users/lucasmadranges/Developer/Minecraft/1.21.1/Plugins/DevMinecraft - MultiModule/run/build/server/plugins/welcome-all.jar'...
[16:00:42] [Paper Plugin Remapper Thread - 0/INFO]: [PluginRemapper] Remapping plugin '/Users/lucasmadranges/Developer/Minecraft/1.21.1/Plugins/DevMinecraft - MultiModule/run/build/server/plugins/heal-all.jar'...
[16:00:43] [Paper Plugin Remapper Thread - 3/INFO]: [PluginRemapper] Done remapping plugin '/Users/lucasmadranges/Developer/Minecraft/1.21.1/Plugins/DevMinecraft - MultiModule/run/build/server/plugins/catrain-all.jar' in 577ms.
[16:00:43] [Paper Plugin Remapper Thread - 0/INFO]: [PluginRemapper] Done remapping plugin '/Users/lucasmadranges/Developer/Minecraft/1.21.1/Plugins/DevMinecraft - MultiModule/run/build/server/plugins/heal-all.jar' in 487ms.
[16:00:43] [Paper Plugin Remapper Thread - 2/INFO]: [PluginRemapper] Done remapping plugin '/Users/lucasmadranges/Developer/Minecraft/1.21.1/Plugins/DevMinecraft - MultiModule/run/build/server/plugins/randomTeleport-all.jar' in 579ms.
[16:00:43] [Paper Plugin Remapper Thread - 1/INFO]: [PluginRemapper] Done remapping plugin '/Users/lucasmadranges/Developer/Minecraft/1.21.1/Plugins/DevMinecraft - MultiModule/run/build/server/plugins/welcome-all.jar' in 490ms.
[16:00:43] [ServerMain/INFO]: [PluginInitializerManager] Initialized 4 plugins
[16:00:43] [ServerMain/INFO]: [PluginInitializerManager] Bukkit plugins (4):
 - WelcomePlugin (1.0-SNAPSHOT), catRain (1.0-SNAPSHOT), healPlayer (1.0-SNAPSHOT), randomTeleport (1.0-SNAPSHOT)
[16:00:45] [ServerMain/INFO]: Environment: Environment[sessionHost=https://sessionserver.mojang.com, servicesHost=https://api.minecraftservices.com, name=PROD]
[16:00:45] [ServerMain/INFO]: Loaded 1407 recipes
[16:00:45] [ServerMain/INFO]: Loaded 1520 advancements
[16:00:45] [ServerMain/INFO]: [ca.spottedleaf.dataconverter.minecraft.datatypes.MCTypeRegistry] Initialising converters for DataConverter...
[16:00:45] [ServerMain/INFO]: [ca.spottedleaf.dataconverter.minecraft.datatypes.MCTypeRegistry] Finished initialising converters for DataConverter in 155,4ms
[16:00:46] [Server thread/INFO]: Starting minecraft server version 1.21.8
[16:00:46] [Server thread/INFO]: Loading properties
[16:00:46] [Server thread/INFO]: This server is running Paper version 1.21.8-4-main@aa4ef06 (2025-07-17T23:33:28Z) (Implementing API version 1.21.8-R0.1-SNAPSHOT)
[16:00:46] [Server thread/INFO]: [spark] This server bundles the spark profiler. For more information please visit https://docs.papermc.io/paper/profiling
[16:00:46] [Server thread/INFO]: Server Ping Player Sample Count: 12
[16:00:46] [Server thread/INFO]: Using 4 threads for Netty based IO
[16:00:46] [Server thread/INFO]: [MoonriseCommon] Paper is using 3 worker threads, 1 I/O threads
[16:00:46] [Server thread/INFO]: [ChunkTaskScheduler] Chunk system is using population gen parallelism: true
[16:00:46] [Server thread/INFO]: Default game type: SURVIVAL
[16:00:46] [Server thread/INFO]: Generating keypair
[16:00:46] [Server thread/INFO]: Starting Minecraft server on *:25565
[16:00:46] [Server thread/INFO]: Using default channel type
[16:00:46] [Server thread/INFO]: Paper: Using libdeflate (macOS ARM64 / Apple Silicon) compression from Velocity.
[16:00:46] [Server thread/INFO]: Paper: Using native (macOS ARM64 / Apple Silicon) cipher from Velocity.
[16:00:46] [Server thread/INFO]: [healPlayer] Loading server plugin healPlayer v1.0-SNAPSHOT
[16:00:46] [Server thread/INFO]: [WelcomePlugin] Loading server plugin WelcomePlugin v1.0-SNAPSHOT
[16:00:46] [Server thread/INFO]: [catRain] Loading server plugin catRain v1.0-SNAPSHOT
[16:00:46] [Server thread/INFO]: [randomTeleport] Loading server plugin randomTeleport v1.0-SNAPSHOT
[16:00:46] [Server thread/INFO]: Server permissions file permissions.yml is empty, ignoring it
[16:00:46] [Server thread/INFO]: Preparing level "world"
[16:00:46] [Server thread/INFO]: Preparing start region for dimension minecraft:overworld
[16:00:46] [Server thread/INFO]: Preparing spawn area: 0%
[16:00:47] [Server thread/INFO]: Time elapsed: 332 ms
[16:00:47] [Server thread/INFO]: Preparing start region for dimension minecraft:the_nether
[16:00:47] [Server thread/INFO]: Preparing spawn area: 0%
[16:00:47] [Server thread/INFO]: Time elapsed: 41 ms
[16:00:47] [Server thread/INFO]: Preparing start region for dimension minecraft:the_end
[16:00:47] [Server thread/INFO]: Preparing spawn area: 0%
[16:00:47] [Server thread/INFO]: Time elapsed: 24 ms
[16:00:47] [Server thread/INFO]: [healPlayer] Enabling healPlayer v1.0-SNAPSHOT
[16:00:47] [Server thread/INFO]: [WelcomePlugin] Enabling WelcomePlugin v1.0-SNAPSHOT
[16:00:47] [Server thread/WARN]: Plugin catRain v1.0-SNAPSHOT tried to register permission 'heal' but it's already registered
[16:00:47] [Server thread/INFO]: [catRain] Enabling catRain v1.0-SNAPSHOT
[16:00:47] [Server thread/INFO]: [randomTeleport] Enabling randomTeleport v1.0-SNAPSHOT
[16:00:47] [Server thread/INFO]: [spark] Starting background profiler...
[16:00:47] [Server thread/INFO]: Done preparing level "world" (0.934s)
[16:00:47] [Server thread/INFO]: Running delayed init tasks
[16:00:47] [Server thread/INFO]: Done (5.862s)! For help, type "help"
[16:00:52] [User Authenticator #0/INFO]: UUID of player BabyLuckyyy is d3142f66-ea2b-486b-be55-ffe2358195be
[16:00:53] [Server thread/INFO]: BabyLuckyyy joined the game
[16:00:53] [Server thread/INFO]: BabyLuckyyy[/127.0.0.1:49864] logged in with entity id 27 at ([world]3751.2443203451435, 78.7431359597822, -3557.434850359109)
[16:00:59] [Server thread/INFO]: BabyLuckyyy lost connection: Disconnected
[16:00:59] [Server thread/INFO]: BabyLuckyyy left the game
[16:01:00] [User Authenticator #0/INFO]: UUID of player BabyLuckyyy is d3142f66-ea2b-486b-be55-ffe2358195be
[16:01:00] [Server thread/INFO]: BabyLuckyyy joined the game
[16:01:00] [Server thread/INFO]: BabyLuckyyy[/127.0.0.1:49872] logged in with entity id 312 at ([world]3751.0043769266777, 78.7431359597822, -3555.8508050714095)
